2005.02.07 14:34 B D:\Super deluxe pakket\groene_Criminals\Criminals2\images\bbottom.gif --> ftp.members.lycos.nl /images bbottom.gif
2005.02.07 14:34 B D:\Super deluxe pakket\groene_Criminals\Criminals2\images\bleft.gif --> ftp.members.lycos.nl /images bleft.gif
2005.02.07 14:34 B D:\Super deluxe pakket\groene_Criminals\Criminals2\images\bright.gif --> ftp.members.lycos.nl /images bright.gif
2005.02.07 14:34 B D:\Super deluxe pakket\groene_Criminals\Criminals2\images\cleft.gif --> ftp.members.lycos.nl /images cleft.gif
2005.02.07 14:34 B D:\Super deluxe pakket\groene_Criminals\Criminals2\images\cright.gif --> ftp.members.lycos.nl /images cright.gif
2005.02.07 14:34 B D:\Super deluxe pakket\groene_Criminals\Criminals2\images\criminals.gif --> ftp.members.lycos.nl /images criminals.gif
2005.02.07 14:34 B D:\Super deluxe pakket\groene_Criminals\Criminals2\images\e_blank.gif --> ftp.members.lycos.nl /images e_blank.gif
2005.02.07 14:34 B D:\Super deluxe pakket\groene_Criminals\Criminals2\images\e_left.gif --> ftp.members.lycos.nl /images e_left.gif
2005.02.07 14:34 B D:\Super deluxe pakket\groene_Criminals\Criminals2\images\e_logo.gif --> ftp.members.lycos.nl /images e_logo.gif
2005.02.07 14:34 B D:\Super deluxe pakket\groene_Criminals\Criminals2\images\e_miva.gif --> ftp.members.lycos.nl /images e_miva.gif
2005.02.07 14:34 B D:\Super deluxe pakket\groene_Criminals\Criminals2\images\e_powered.gif --> ftp.members.lycos.nl /images e_powered.gif
2005.02.07 14:34 B D:\Super deluxe pakket\groene_Criminals\Criminals2\images\e_top.gif --> ftp.members.lycos.nl /images e_top.gif
2005.02.07 14:34 B D:\Super deluxe pakket\groene_Criminals\Criminals2\images\house.gif --> ftp.members.lycos.nl /images house.gif
2005.02.07 14:34 B D:\Super deluxe pakket\groene_Criminals\Criminals2\images\item-Ak47.gif --> ftp.members.lycos.nl /images item-Ak47.gif
2005.02.07 14:34 B D:\Super deluxe pakket\groene_Criminals\Criminals2\images\item-Ak_Beta.gif --> ftp.members.lycos.nl /images item-Ak_Beta.gif
2005.02.07 14:34 B D:\Super deluxe pakket\groene_Criminals\Criminals2\images\item-Alchemy.gif --> ftp.members.lycos.nl /images item-Alchemy.gif
2005.02.07 14:35 B D:\Super deluxe pakket\groene_Criminals\Criminals2\images\item-Barbed_wire.gif --> ftp.members.lycos.nl /images item-Barbed_wire.gif
2005.02.07 14:35 B D:\Super deluxe pakket\groene_Criminals\Criminals2\images\item-Bazooka.gif --> ftp.members.lycos.nl /images item-Bazooka.gif
2005.02.07 14:35 B D:\Super deluxe pakket\groene_Criminals\Criminals2\images\item-Bulldog.gif --> ftp.members.lycos.nl /images item-Bulldog.gif
2005.02.07 14:35 B D:\Super deluxe pakket\groene_Criminals\Criminals2\images\item-Bulletproof_vest.gif --> ftp.members.lycos.nl /images item-Bulletproof_vest.gif
2005.02.07 14:35 B D:\Super deluxe pakket\groene_Criminals\Criminals2\images\item-Bunker.gif --> ftp.members.lycos.nl /images item-Bunker.gif
2005.02.07 14:35 B D:\Super deluxe pakket\groene_Criminals\Criminals2\images\item-Business.gif --> ftp.members.lycos.nl /images item-Business.gif
2005.02.07 14:35 B D:\Super deluxe pakket\groene_Criminals\Criminals2\images\item-Cam.gif --> ftp.members.lycos.nl /images item-Cam.gif
2005.02.07 14:35 B D:\Super deluxe pakket\groene_Criminals\Criminals2\images\item-Cellphone.gif --> ftp.members.lycos.nl /images item-Cellphone.gif
2005.02.07 14:35 B D:\Super deluxe pakket\groene_Criminals\Criminals2\images\item-Chip.gif --> ftp.members.lycos.nl /images item-Chip.gif
2005.02.07 14:35 B D:\Super deluxe pakket\groene_Criminals\Criminals2\images\item-Flashbang.gif --> ftp.members.lycos.nl /images item-Flashbang.gif
2005.02.07 14:35 B D:\Super deluxe pakket\groene_Criminals\Criminals2\images\item-FN_P90.gif --> ftp.members.lycos.nl /images item-FN_P90.gif
2005.02.07 14:35 B D:\Super deluxe pakket\groene_Criminals\Criminals2\images\item-G36C.gif --> ftp.members.lycos.nl /images item-G36C.gif
2005.02.07 14:35 B D:\Super deluxe pakket\groene_Criminals\Criminals2\images\item-Grenade.gif --> ftp.members.lycos.nl /images item-Grenade.gif
2005.02.07 14:35 B D:\Super deluxe pakket\groene_Criminals\Criminals2\images\item-Grenade_Launcher.gif --> ftp.members.lycos.nl /images item-Grenade_Launcher.gif
2005.02.07 14:35 B D:\Super deluxe pakket\groene_Criminals\Criminals2\images\item-Helmet.gif --> ftp.members.lycos.nl /images item-Helmet.gif
2005.02.07 14:35 B D:\Super deluxe pakket\groene_Criminals\Criminals2\images\item-Home.gif --> ftp.members.lycos.nl /images item-Home.gif
2005.02.07 14:35 B D:\Super deluxe pakket\groene_Criminals\Criminals2\images\item-Joint.gif --> ftp.members.lycos.nl /images item-Joint.gif
2005.02.07 14:35 B D:\Super deluxe pakket\groene_Criminals\Criminals2\images\item-Knife.gif --> ftp.members.lycos.nl /images item-Knife.gif
2005.02.07 14:35 B D:\Super deluxe pakket\groene_Criminals\Criminals2\images\item-M4.gif --> ftp.members.lycos.nl /images item-M4.gif
2005.02.07 14:35 B D:\Super deluxe pakket\groene_Criminals\Criminals2\images\item-MP5k.gif --> ftp.members.lycos.nl /images item-MP5k.gif
2005.02.07 14:35 B D:\Super deluxe pakket\groene_Criminals\Criminals2\images\item-Police_car.gif --> ftp.members.lycos.nl /images item-Police_car.gif
2005.02.07 14:35 B D:\Super deluxe pakket\groene_Criminals\Criminals2\images\item-Shotgun.gif --> ftp.members.lycos.nl /images item-Shotgun.gif
2005.02.07 14:35 B D:\Super deluxe pakket\groene_Criminals\Criminals2\images\item-SIG_552.gif --> ftp.members.lycos.nl /images item-SIG_552.gif
2005.02.07 14:35 B D:\Super deluxe pakket\groene_Criminals\Criminals2\images\item-Sniper_rifle.gif --> ftp.members.lycos.nl /images item-Sniper_rifle.gif
2005.02.07 14:35 B D:\Super deluxe pakket\groene_Criminals\Criminals2\images\item-Stone_wall.gif --> ftp.members.lycos.nl /images item-Stone_wall.gif
2005.02.07 14:35 B D:\Super deluxe pakket\groene_Criminals\Criminals2\images\item-Uzi.gif --> ftp.members.lycos.nl /images item-Uzi.gif
2005.02.07 14:36 B D:\Super deluxe pakket\groene_Criminals\Criminals2\images\item-Walter_P99.gif --> ftp.members.lycos.nl /images item-Walter_P99.gif
2005.02.07 14:36 B D:\Super deluxe pakket\groene_Criminals\Criminals2\images\Thumbs.db --> ftp.members.lycos.nl /images Thumbs.db
2005.02.07 16:33 B D:\Super deluxe pakket\groene_Criminals\criminals\images\bbottom.gif --> www.php-zone.nl /var/www/html/criminals/images bbottom.gif
2005.02.07 16:33 B D:\Super deluxe pakket\groene_Criminals\criminals\images\bleft.gif --> www.php-zone.nl /var/www/html/criminals/images bleft.gif
2005.02.07 16:33 B D:\Super deluxe pakket\groene_Criminals\criminals\images\bright.gif --> www.php-zone.nl /var/www/html/criminals/images bright.gif
2005.02.07 16:33 B D:\Super deluxe pakket\groene_Criminals\criminals\images\cleft.gif --> www.php-zone.nl /var/www/html/criminals/images cleft.gif
2005.02.07 16:33 B D:\Super deluxe pakket\groene_Criminals\criminals\images\cright.gif --> www.php-zone.nl /var/www/html/criminals/images cright.gif
2005.02.07 16:33 B D:\Super deluxe pakket\groene_Criminals\criminals\images\criminals.gif --> www.php-zone.nl /var/www/html/criminals/images criminals.gif
2005.02.07 16:33 B D:\Super deluxe pakket\groene_Criminals\criminals\images\e_blank.gif --> www.php-zone.nl /var/www/html/criminals/images e_blank.gif
2005.02.07 16:33 B D:\Super deluxe pakket\groene_Criminals\criminals\images\e_left.gif --> www.php-zone.nl /var/www/html/criminals/images e_left.gif
2005.02.07 16:33 B D:\Super deluxe pakket\groene_Criminals\criminals\images\e_logo.gif --> www.php-zone.nl /var/www/html/criminals/images e_logo.gif
2005.02.07 16:33 B D:\Super deluxe pakket\groene_Criminals\criminals\images\e_miva.gif --> www.php-zone.nl /var/www/html/criminals/images e_miva.gif
2005.02.07 16:33 B D:\Super deluxe pakket\groene_Criminals\criminals\images\e_powered.gif --> www.php-zone.nl /var/www/html/criminals/images e_powered.gif
2005.02.07 16:33 B D:\Super deluxe pakket\groene_Criminals\criminals\images\e_top.gif --> www.php-zone.nl /var/www/html/criminals/images e_top.gif
2005.02.07 16:34 B D:\Super deluxe pakket\groene_Criminals\criminals\images\house.gif --> www.php-zone.nl /var/www/html/criminals/images house.gif
2005.02.07 16:34 B D:\Super deluxe pakket\groene_Criminals\criminals\images\item-Ak47.gif --> www.php-zone.nl /var/www/html/criminals/images item-Ak47.gif
2005.02.07 16:34 B D:\Super deluxe pakket\groene_Criminals\criminals\images\item-Ak_Beta.gif --> www.php-zone.nl /var/www/html/criminals/images item-Ak_Beta.gif
2005.02.07 16:34 B D:\Super deluxe pakket\groene_Criminals\criminals\images\item-Alchemy.gif --> www.php-zone.nl /var/www/html/criminals/images item-Alchemy.gif
2005.02.07 16:34 B D:\Super deluxe pakket\groene_Criminals\criminals\images\item-Barbed_wire.gif --> www.php-zone.nl /var/www/html/criminals/images item-Barbed_wire.gif
2005.02.07 16:34 B D:\Super deluxe pakket\groene_Criminals\criminals\images\item-Bazooka.gif --> www.php-zone.nl /var/www/html/criminals/images item-Bazooka.gif
2005.02.07 16:34 B D:\Super deluxe pakket\groene_Criminals\criminals\images\item-Bulldog.gif --> www.php-zone.nl /var/www/html/criminals/images item-Bulldog.gif
2005.02.07 16:34 B D:\Super deluxe pakket\groene_Criminals\criminals\images\item-Bulletproof_vest.gif --> www.php-zone.nl /var/www/html/criminals/images item-Bulletproof_vest.gif
2005.02.07 16:34 B D:\Super deluxe pakket\groene_Criminals\criminals\images\item-Bunker.gif --> www.php-zone.nl /var/www/html/criminals/images item-Bunker.gif
2005.02.07 16:34 B D:\Super deluxe pakket\groene_Criminals\criminals\images\item-Business.gif --> www.php-zone.nl /var/www/html/criminals/images item-Business.gif
2005.02.07 16:34 B D:\Super deluxe pakket\groene_Criminals\criminals\images\item-Cam.gif --> www.php-zone.nl /var/www/html/criminals/images item-Cam.gif
2005.02.07 16:34 B D:\Super deluxe pakket\groene_Criminals\criminals\images\item-Cellphone.gif --> www.php-zone.nl /var/www/html/criminals/images item-Cellphone.gif
2005.02.07 16:34 B D:\Super deluxe pakket\groene_Criminals\criminals\images\item-Chip.gif --> www.php-zone.nl /var/www/html/criminals/images item-Chip.gif
2005.02.07 16:34 B D:\Super deluxe pakket\groene_Criminals\criminals\images\item-Flashbang.gif --> www.php-zone.nl /var/www/html/criminals/images item-Flashbang.gif
2005.02.07 16:34 B D:\Super deluxe pakket\groene_Criminals\criminals\images\item-FN_P90.gif --> www.php-zone.nl /var/www/html/criminals/images item-FN_P90.gif
2005.02.07 16:34 B D:\Super deluxe pakket\groene_Criminals\criminals\images\item-G36C.gif --> www.php-zone.nl /var/www/html/criminals/images item-G36C.gif
2005.02.07 16:34 B D:\Super deluxe pakket\groene_Criminals\criminals\images\item-Grenade.gif --> www.php-zone.nl /var/www/html/criminals/images item-Grenade.gif
2005.02.07 16:34 B D:\Super deluxe pakket\groene_Criminals\criminals\images\item-Grenade_Launcher.gif --> www.php-zone.nl /var/www/html/criminals/images item-Grenade_Launcher.gif
2005.02.07 16:34 B D:\Super deluxe pakket\groene_Criminals\criminals\images\item-Helmet.gif --> www.php-zone.nl /var/www/html/criminals/images item-Helmet.gif
2005.02.07 16:34 B D:\Super deluxe pakket\groene_Criminals\criminals\images\item-Home.gif --> www.php-zone.nl /var/www/html/criminals/images item-Home.gif
2005.02.07 16:34 B D:\Super deluxe pakket\groene_Criminals\criminals\images\item-Joint.gif --> www.php-zone.nl /var/www/html/criminals/images item-Joint.gif
2005.02.07 16:34 B D:\Super deluxe pakket\groene_Criminals\criminals\images\item-Knife.gif --> www.php-zone.nl /var/www/html/criminals/images item-Knife.gif
2005.02.07 16:34 B D:\Super deluxe pakket\groene_Criminals\criminals\images\item-M4.gif --> www.php-zone.nl /var/www/html/criminals/images item-M4.gif
2005.02.07 16:34 B D:\Super deluxe pakket\groene_Criminals\criminals\images\item-MP5k.gif --> www.php-zone.nl /var/www/html/criminals/images item-MP5k.gif
2005.02.07 16:34 B D:\Super deluxe pakket\groene_Criminals\criminals\images\item-Police_car.gif --> www.php-zone.nl /var/www/html/criminals/images item-Police_car.gif
2005.02.07 16:34 B D:\Super deluxe pakket\groene_Criminals\criminals\images\item-Shotgun.gif --> www.php-zone.nl /var/www/html/criminals/images item-Shotgun.gif
2005.02.07 16:34 B D:\Super deluxe pakket\groene_Criminals\criminals\images\item-SIG_552.gif --> www.php-zone.nl /var/www/html/criminals/images item-SIG_552.gif
2005.02.07 16:34 B D:\Super deluxe pakket\groene_Criminals\criminals\images\item-Sniper_rifle.gif --> www.php-zone.nl /var/www/html/criminals/images item-Sniper_rifle.gif
2005.02.07 16:34 B D:\Super deluxe pakket\groene_Criminals\criminals\images\item-Stone_wall.gif --> www.php-zone.nl /var/www/html/criminals/images item-Stone_wall.gif
2005.02.07 16:34 B D:\Super deluxe pakket\groene_Criminals\criminals\images\item-Uzi.gif --> www.php-zone.nl /var/www/html/criminals/images item-Uzi.gif
2005.02.07 16:34 B D:\Super deluxe pakket\groene_Criminals\criminals\images\item-Walter_P99.gif --> www.php-zone.nl /var/www/html/criminals/images item-Walter_P99.gif
2005.02.07 16:34 B D:\Super deluxe pakket\groene_Criminals\criminals\images\Thumbs.db --> www.php-zone.nl /var/www/html/criminals/images Thumbs.db
2005.02.07 16:34 B D:\Super deluxe pakket\groene_Criminals\criminals\images\WS_FTP.LOG --> www.php-zone.nl /var/www/html/criminals/images WS_FTP.LOG
2005.02.08 09:38 B D:\Super deluxe pakket\groene_Criminals\criminals\images\Thumbs.db --> www.php-zone.nl /var/www/html/criminals/images Thumbs.db
2005.02.08 09:39 B D:\Super deluxe pakket\groene_Criminals\criminals\images\WS_FTP.LOG --> www.php-zone.nl /var/www/html/criminals/images WS_FTP.LOG
2005.02.08 12:24 B D:\Super deluxe pakket\groene_Criminals\criminals\images\bbottom.gif <-- info@php-zone.nl /var/www/html/criminals/images bbottom.gif
2005.02.08 12:24 B D:\Super deluxe pakket\groene_Criminals\criminals\images\bleft.gif <-- info@php-zone.nl /var/www/html/criminals/images bleft.gif
2005.02.08 12:24 B D:\Super deluxe pakket\groene_Criminals\criminals\images\Bodyguard.gif <-- info@php-zone.nl /var/www/html/criminals/images Bodyguard.gif
2005.02.08 12:24 B D:\Super deluxe pakket\groene_Criminals\criminals\images\bright.gif <-- info@php-zone.nl /var/www/html/criminals/images bright.gif
2005.02.08 12:24 B D:\Super deluxe pakket\groene_Criminals\criminals\images\cleft.gif <-- info@php-zone.nl /var/www/html/criminals/images cleft.gif
2005.02.08 12:24 B D:\Super deluxe pakket\groene_Criminals\criminals\images\cocaine.gif <-- info@php-zone.nl /var/www/html/criminals/images cocaine.gif
2005.02.08 12:24 B D:\Super deluxe pakket\groene_Criminals\criminals\images\cright.gif <-- info@php-zone.nl /var/www/html/criminals/images cright.gif
2005.02.08 12:24 B D:\Super deluxe pakket\groene_Criminals\criminals\images\criminals.gif <-- info@php-zone.nl /var/www/html/criminals/images criminals.gif
2005.02.08 12:24 B D:\Super deluxe pakket\groene_Criminals\criminals\images\e_blank.gif <-- info@php-zone.nl /var/www/html/criminals/images e_blank.gif
2005.02.08 12:24 B D:\Super deluxe pakket\groene_Criminals\criminals\images\e_left.gif <-- info@php-zone.nl /var/www/html/criminals/images e_left.gif
2005.02.08 12:24 B D:\Super deluxe pakket\groene_Criminals\criminals\images\e_logo.gif <-- info@php-zone.nl /var/www/html/criminals/images e_logo.gif
2005.02.08 12:24 B D:\Super deluxe pakket\groene_Criminals\criminals\images\e_miva.gif <-- info@php-zone.nl /var/www/html/criminals/images e_miva.gif
2005.02.08 12:24 B D:\Super deluxe pakket\groene_Criminals\criminals\images\e_powered.gif <-- info@php-zone.nl /var/www/html/criminals/images e_powered.gif
2005.02.08 12:24 B D:\Super deluxe pakket\groene_Criminals\criminals\images\e_top.gif <-- info@php-zone.nl /var/www/html/criminals/images e_top.gif
2005.02.08 12:25 B D:\Super deluxe pakket\groene_Criminals\criminals\images\f16.gif <-- info@php-zone.nl /var/www/html/criminals/images f16.gif
2005.02.08 12:25 B D:\Super deluxe pakket\groene_Criminals\criminals\images\house.gif <-- info@php-zone.nl /var/www/html/criminals/images house.gif
2005.02.08 12:25 B D:\Super deluxe pakket\groene_Criminals\criminals\images\huis.gif <-- info@php-zone.nl /var/www/html/criminals/images huis.gif
2005.02.08 12:25 B D:\Super deluxe pakket\groene_Criminals\criminals\images\huisje.gif <-- info@php-zone.nl /var/www/html/criminals/images huisje.gif
2005.02.08 12:25 B D:\Super deluxe pakket\groene_Criminals\criminals\images\item-Ak47.gif <-- info@php-zone.nl /var/www/html/criminals/images item-Ak47.gif
2005.02.08 12:25 B D:\Super deluxe pakket\groene_Criminals\criminals\images\item-Ak_Beta.gif <-- info@php-zone.nl /var/www/html/criminals/images item-Ak_Beta.gif
2005.02.08 12:25 B D:\Super deluxe pakket\groene_Criminals\criminals\images\item-Alchemy.gif <-- info@php-zone.nl /var/www/html/criminals/images item-Alchemy.gif
2005.02.08 12:25 B D:\Super deluxe pakket\groene_Criminals\criminals\images\item-apache.gif <-- info@php-zone.nl /var/www/html/criminals/images item-apache.gif
2005.02.08 12:25 B D:\Super deluxe pakket\groene_Criminals\criminals\images\item-Barbed_wire.gif <-- info@php-zone.nl /var/www/html/criminals/images item-Barbed_wire.gif
2005.02.08 12:25 B D:\Super deluxe pakket\groene_Criminals\criminals\images\item-Bazooka.gif <-- info@php-zone.nl /var/www/html/criminals/images item-Bazooka.gif
2005.02.08 12:25 B D:\Super deluxe pakket\groene_Criminals\criminals\images\item-Bulldog.gif <-- info@php-zone.nl /var/www/html/criminals/images item-Bulldog.gif
2005.02.08 12:25 B D:\Super deluxe pakket\groene_Criminals\criminals\images\item-Bulletproof_vest.gif <-- info@php-zone.nl /var/www/html/criminals/images item-Bulletproof_vest.gif
2005.02.08 12:25 B D:\Super deluxe pakket\groene_Criminals\criminals\images\item-Bunker.gif <-- info@php-zone.nl /var/www/html/criminals/images item-Bunker.gif
2005.02.08 12:25 B D:\Super deluxe pakket\groene_Criminals\criminals\images\item-Business.gif <-- info@php-zone.nl /var/www/html/criminals/images item-Business.gif
2005.02.08 12:25 B D:\Super deluxe pakket\groene_Criminals\criminals\images\item-Cam.gif <-- info@php-zone.nl /var/www/html/criminals/images item-Cam.gif
2005.02.08 12:25 B D:\Super deluxe pakket\groene_Criminals\criminals\images\item-Cellphone.gif <-- info@php-zone.nl /var/www/html/criminals/images item-Cellphone.gif
2005.02.08 12:25 B D:\Super deluxe pakket\groene_Criminals\criminals\images\item-Chip.gif <-- info@php-zone.nl /var/www/html/criminals/images item-Chip.gif
2005.02.08 12:25 B D:\Super deluxe pakket\groene_Criminals\criminals\images\item-F14.gif <-- info@php-zone.nl /var/www/html/criminals/images item-F14.gif
2005.02.08 12:25 B D:\Super deluxe pakket\groene_Criminals\criminals\images\item-F15.gif <-- info@php-zone.nl /var/www/html/criminals/images item-F15.gif
2005.02.08 12:25 B D:\Super deluxe pakket\groene_Criminals\criminals\images\item-F16.gif <-- info@php-zone.nl /var/www/html/criminals/images item-F16.gif
2005.02.08 12:25 B D:\Super deluxe pakket\groene_Criminals\criminals\images\item-Flashbang.gif <-- info@php-zone.nl /var/www/html/criminals/images item-Flashbang.gif
2005.02.08 12:25 B D:\Super deluxe pakket\groene_Criminals\criminals\images\item-FN_P90.gif <-- info@php-zone.nl /var/www/html/criminals/images item-FN_P90.gif
2005.02.08 12:25 B D:\Super deluxe pakket\groene_Criminals\criminals\images\item-G36C.gif <-- info@php-zone.nl /var/www/html/criminals/images item-G36C.gif
2005.02.08 12:25 B D:\Super deluxe pakket\groene_Criminals\criminals\images\item-Grenade.gif <-- info@php-zone.nl /var/www/html/criminals/images item-Grenade.gif
2005.02.08 12:25 B D:\Super deluxe pakket\groene_Criminals\criminals\images\item-Grenade_Launcher.gif <-- info@php-zone.nl /var/www/html/criminals/images item-Grenade_Launcher.gif
2005.02.08 12:25 B D:\Super deluxe pakket\groene_Criminals\criminals\images\item-handschoen.gif <-- info@php-zone.nl /var/www/html/criminals/images item-handschoen.gif
2005.02.08 12:25 B D:\Super deluxe pakket\groene_Criminals\criminals\images\item-Helmet.gif <-- info@php-zone.nl /var/www/html/criminals/images item-Helmet.gif
2005.02.08 12:25 B D:\Super deluxe pakket\groene_Criminals\criminals\images\item-Home.gif <-- info@php-zone.nl /var/www/html/criminals/images item-Home.gif
2005.02.08 12:25 B D:\Super deluxe pakket\groene_Criminals\criminals\images\item-Joint.gif <-- info@php-zone.nl /var/www/html/criminals/images item-Joint.gif
2005.02.08 12:25 B D:\Super deluxe pakket\groene_Criminals\criminals\images\item-Knife.gif <-- info@php-zone.nl /var/www/html/criminals/images item-Knife.gif
2005.02.08 12:25 B D:\Super deluxe pakket\groene_Criminals\criminals\images\item-M4.gif <-- info@php-zone.nl /var/www/html/criminals/images item-M4.gif
2005.02.08 12:25 B D:\Super deluxe pakket\groene_Criminals\criminals\images\item-MP5k.gif <-- info@php-zone.nl /var/www/html/criminals/images item-MP5k.gif
2005.02.08 12:25 B D:\Super deluxe pakket\groene_Criminals\criminals\images\item-Police_car.gif <-- info@php-zone.nl /var/www/html/criminals/images item-Police_car.gif
2005.02.08 12:25 B D:\Super deluxe pakket\groene_Criminals\criminals\images\item-Shotgun.gif <-- info@php-zone.nl /var/www/html/criminals/images item-Shotgun.gif
2005.02.08 12:25 B D:\Super deluxe pakket\groene_Criminals\criminals\images\item-SIG_552.gif <-- info@php-zone.nl /var/www/html/criminals/images item-SIG_552.gif
2005.02.08 12:25 B D:\Super deluxe pakket\groene_Criminals\criminals\images\item-Sniper_rifle.gif <-- info@php-zone.nl /var/www/html/criminals/images item-Sniper_rifle.gif
2005.02.08 12:25 B D:\Super deluxe pakket\groene_Criminals\criminals\images\item-Stone_wall.gif <-- info@php-zone.nl /var/www/html/criminals/images item-Stone_wall.gif
2005.02.08 12:25 B D:\Super deluxe pakket\groene_Criminals\criminals\images\item-tank.gif <-- info@php-zone.nl /var/www/html/criminals/images item-tank.gif
2005.02.08 12:25 B D:\Super deluxe pakket\groene_Criminals\criminals\images\item-Uzi.gif <-- info@php-zone.nl /var/www/html/criminals/images item-Uzi.gif
2005.02.08 12:25 B D:\Super deluxe pakket\groene_Criminals\criminals\images\item-Walter_P99.gif <-- info@php-zone.nl /var/www/html/criminals/images item-Walter_P99.gif
2005.02.08 12:25 B D:\Super deluxe pakket\groene_Criminals\criminals\images\schuurtje.gif <-- info@php-zone.nl /var/www/html/criminals/images schuurtje.gif
2005.02.08 12:25 B D:\Super deluxe pakket\groene_Criminals\criminals\images\swat3.gif <-- info@php-zone.nl /var/www/html/criminals/images swat3.gif
2005.02.08 12:25 B D:\Super deluxe pakket\groene_Criminals\criminals\images\tank.gif <-- info@php-zone.nl /var/www/html/criminals/images tank.gif
